SF:lib\app\core\client\i_client_http.dart
DA:18,1
LF:1
LH:1
end_of_record
SF:lib\app\core\errors\failures.dart
DA:4,2
DA:6,0
DA:8,0
DA:9,0
DA:14,0
DA:18,0
DA:22,2
DA:26,4
LF:8
LH:3
end_of_record
SF:lib\app\modules\assets\data\repositories\tractian_assets_repository_impl.dart
DA:14,1
DA:16,1
DA:18,1
DA:19,1
DA:22,1
DA:23,5
DA:25,1
DA:26,3
DA:29,3
DA:30,3
DA:31,3
DA:32,3
DA:34,1
DA:35,1
DA:36,3
DA:38,1
DA:39,1
DA:40,3
DA:44,1
DA:45,1
DA:46,3
DA:49,1
DA:50,1
DA:56,1
DA:59,2
DA:61,2
DA:62,1
DA:64,4
DA:65,1
DA:66,2
DA:67,1
DA:68,1
DA:69,2
DA:73,0
DA:74,0
DA:75,0
DA:78,1
DA:79,1
LF:38
LH:35
end_of_record
SF:lib\app\modules\assets\interactor\entities\assets.dart
DA:8,3
LF:1
LH:1
end_of_record
SF:lib\app\modules\assets\interactor\states\assets_state.dart
DA:11,2
DA:19,2
LF:2
LH:2
end_of_record
SF:lib\app\modules\assets\interactor\states\companie_state.dart
DA:12,2
DA:19,2
LF:2
LH:2
end_of_record
SF:lib\app\modules\assets\data\repositories\adapters\assets_adapter.dart
DA:9,2
DA:10,2
DA:11,4
DA:12,4
DA:16,2
DA:17,2
DA:18,2
DA:19,2
DA:20,2
DA:21,2
DA:22,2
DA:23,2
DA:24,2
DA:25,2
DA:30,2
DA:31,2
DA:32,2
DA:33,2
DA:34,2
LF:19
LH:19
end_of_record
SF:lib\app\modules\assets\interactor\entities\asset_entity.dart
DA:13,2
LF:1
LH:1
end_of_record
SF:lib\app\modules\assets\interactor\entities\location_entity.dart
DA:11,2
DA:17,1
LF:2
LH:2
end_of_record
SF:lib\app\modules\assets\data\repositories\adapters\companies_adpter.dart
DA:5,1
DA:6,1
DA:7,1
DA:8,1
LF:4
LH:4
end_of_record
SF:lib\app\modules\assets\interactor\entities\company_entity.dart
DA:5,1
LF:1
LH:1
end_of_record
SF:lib\app\modules\assets\interactor\controllers\assets_controller.dart
DA:11,1
DA:16,1
DA:17,1
DA:18,1
DA:23,1
DA:24,1
DA:25,1
DA:29,1
DA:30,2
DA:31,2
DA:32,1
DA:36,1
DA:37,1
DA:38,3
DA:41,2
DA:42,2
DA:43,1
LF:17
LH:17
end_of_record
SF:lib\app\modules\assets\interactor\controllers\tree_node_controller.dart
DA:11,1
DA:12,1
DA:13,1
DA:16,1
DA:19,1
DA:20,1
DA:21,1
DA:31,1
DA:32,4
DA:33,2
DA:38,1
DA:39,2
DA:40,1
DA:41,2
DA:42,5
DA:43,4
DA:45,1
DA:47,1
DA:48,2
DA:51,1
DA:52,2
DA:53,2
DA:55,1
DA:56,4
DA:57,5
DA:58,2
DA:64,1
DA:66,2
DA:68,1
DA:70,1
DA:71,2
DA:73,1
DA:74,2
DA:76,1
DA:77,3
DA:78,3
DA:79,1
DA:80,4
DA:81,0
DA:82,0
DA:83,0
DA:84,0
DA:86,0
DA:88,1
DA:89,3
DA:91,2
DA:92,3
DA:94,4
DA:99,2
DA:100,1
DA:103,2
DA:104,1
DA:105,1
DA:108,1
DA:109,2
DA:110,5
DA:111,1
DA:113,2
DA:116,1
DA:117,2
DA:119,1
DA:120,0
DA:121,0
DA:124,1
DA:125,1
DA:126,2
DA:127,4
DA:128,1
DA:129,1
DA:134,0
DA:136,0
DA:137,0
DA:138,0
DA:140,0
DA:141,0
DA:143,0
DA:149,0
DA:150,0
DA:151,0
DA:152,0
DA:154,0
DA:155,0
DA:157,0
DA:163,1
DA:164,1
DA:166,1
DA:167,1
DA:168,1
DA:169,4
DA:172,1
DA:176,1
DA:177,1
DA:178,1
DA:179,1
DA:180,2
DA:181,1
DA:184,2
DA:185,1
DA:197,1
DA:202,1
DA:203,5
DA:204,5
DA:206,3
DA:207,2
DA:208,2
DA:211,3
DA:212,1
DA:213,5
DA:214,1
DA:215,5
DA:217,2
DA:221,3
DA:222,1
DA:223,5
DA:228,1
DA:229,2
DA:232,1
DA:233,2
LF:118
LH:97
end_of_record
SF:lib\app\modules\assets\interactor\entities\tree_node_entity.dart
DA:13,1
DA:24,0
DA:25,0
DA:26,0
DA:27,0
DA:35,0
DA:37,0
DA:39,0
DA:41,0
LF:9
LH:1
end_of_record
SF:lib\app\modules\assets\interactor\states\tree_node_state.dart
DA:13,1
DA:20,0
LF:2
LH:1
end_of_record
